93699 close(3)                          = 0
93699 close(3)                          = 0
93699 vfork()                           = 93700
93700 close(3)                          = 0
93700 close(3)                          = 0
93700 pipe2([3, 4], 0)                  = 0
93700 clone(child_stack=NULL, flags=CLONE_CHILD_CLEARTID|CLONE_CHILD_SETTID|SIGCHLD, child_tidptr=0x7f5924716a10) = 93701
93700 close(4)                          = 0
93700 clone(child_stack=NULL, flags=CLONE_CHILD_CLEARTID|CLONE_CHILD_SETTID|SIGCHLD <unfinished ...>
93701 dup2(0, 0)                        = 0
93701 dup2(4, 1)                        = 1
93701 close(4 <unfinished ...>
93700 <... clone resumed>, child_tidptr=0x7f5924716a10) = 93702
93701 <... close resumed>)              = 0
93701 close(3 <unfinished ...>
93700 close(3 <unfinished ...>
93701 <... close resumed>)              = 0
93700 <... close resumed>)              = 0
93700 close(1 <unfinished ...>
93702 dup2(3, 0 <unfinished ...>
93700 <... close resumed>)              = 0
93702 <... dup2 resumed>)               = 0
93702 dup2(1, 1)                        = 1
93702 close(3)                          = 0
93702 close(3)                          = -1 EBADF (Bad file descriptor)
93702 close(3)                          = 0
93702 close(3)                          = 0
93702 close(3)                          = 0
93702 close(3)                          = 0
93701 close(3)                          = 0
93702 close(3)                          = 0
93702 close(3)                          = 0
93702 close(3)                          = 0
93702 close(3 <unfinished ...>
93701 close(3 <unfinished ...>
93702 <... close resumed>)              = 0
93701 <... close resumed>)              = 0
93702 close(3)                          = 0
93702 close(3)                          = 0
93702 close(3)                          = 0
93701 close(3)                          = 0
93701 close(3 <unfinished ...>
93702 close(3 <unfinished ...>
93701 <... close resumed>)              = 0
93702 <... close resumed>)              = 0
93702 close(3 <unfinished ...>
93701 close(3 <unfinished ...>
93702 <... close resumed>)              = 0
93701 <... close resumed>)              = 0
93701 close(3)                          = 0
93702 close(3)                          = 0
93702 close(3 <unfinished ...>
93701 close(3 <unfinished ...>
93702 <... close resumed>)              = 0
93701 <... close resumed>)              = 0
93702 close(3 <unfinished ...>
93701 close(3 <unfinished ...>
93702 <... close resumed>)              = 0
93701 <... close resumed>)              = 0
93702 close(3 <unfinished ...>
93701 close(3 <unfinished ...>
93702 <... close resumed>)              = 0
93701 <... close resumed>)              = 0
93702 close(3 <unfinished ...>
93701 close(3)                          = 0
93702 <... close resumed>)              = 0
93701 close(3)                          = 0
93701 close(3)                          = 0
93701 close(3)                          = 0
93701 close(3)                          = 0
93701 close(3)                          = 0
93701 close(3)                          = 0
93701 close(3)                          = 0
93701 close(3)                          = 0
93701 write(1, "y\ny\ny\ny\ny\ny\ny\ny\ny\ny\ny\ny\ny\ny\ny\ny\n"..., 8192) = 8192
93701 write(1, "y\ny\ny\ny\ny\ny\ny\ny\ny\ny\ny\ny\ny\ny\ny\ny\n"..., 8192) = 8192
93701 write(1, "y\ny\ny\ny\ny\ny\ny\ny\ny\ny\ny\ny\ny\ny\ny\ny\n"..., 8192) = 8192
93701 write(1, "y\ny\ny\ny\ny\ny\ny\ny\ny\ny\ny\ny\ny\ny\ny\ny\n"..., 8192) = 8192
93701 write(1, "y\ny\ny\ny\ny\ny\ny\ny\ny\ny\ny\ny\ny\ny\ny\ny\n"..., 8192 <unfinished ...>
93702 write(1, "y\n", 2 <unfinished ...>
93701 <... write resumed>)              = 8192
93701 write(1, "y\ny\ny\ny\ny\ny\ny\ny\ny\ny\ny\ny\ny\ny\ny\ny\n"..., 8192) = 8192
93702 <... write resumed>)              = 2
93702 write(1, "y\n", 2)                = 2
93702 write(1, "y\n", 2)                = 2
93702 write(1, "y\n", 2)                = 2
93702 close(0 <unfinished ...>
93701 write(1, "y\ny\ny\ny\ny\ny\ny\ny\ny\ny\ny\ny\ny\ny\ny\ny\n"..., 8192 <unfinished ...>
93702 <... close resumed>)              = 0
93701 <... write resumed>)              = -1 EPIPE (Broken pipe)
93702 close(1 <unfinished ...>
93701 --- SIGPIPE {si_signo=SIGPIPE, si_code=SI_USER, si_pid=93701, si_uid=217835} ---
93702 <... close resumed>)              = 0
93702 close(2)                          = 0
93701 +++ killed by SIGPIPE +++
93702 +++ exited with 0 +++
93700 --- SIGCHLD {si_signo=SIGCHLD, si_code=CLD_KILLED, si_pid=93701, si_uid=217835, si_status=SIGPIPE, si_utime=0, si_stime=0} ---
93700 +++ exited with 0 +++
93699 --- SIGCHLD {si_signo=SIGCHLD, si_code=CLD_EXITED, si_pid=93700, si_uid=217835, si_status=0, si_utime=0, si_stime=0} ---
93699 +++ exited with 0 +++
